Start testing: Nov 19 16:22 EST
----------------------------------------------------------
1/1 Testing: BOOST_CR3BP
1/1 Test: BOOST_CR3BP
Command: "/usr/bin/python" "boost_cr3bp.py"
Directory: /home/tomgeronimo/GradSchool/python_cr3bp/build
"BOOST_CR3BP" start time: Nov 19 16:22 EST
Output:
----------------------------------------------------------
[[0.0, -0.27, -0.42, 0.0, 0.3, -1.0, 0.0], [1e-05, -0.2699970000067781, -0.42000999987758897, 0.0, 0.2999986442756235, -0.999975517924104, 0.0], [5.5e-05, -0.2699835002051801, -0.42005499629723, 0.0, 0.2999925357376586, -0.9998653574180169, 0.0], [0.0002575, -0.2699227545114857, -0.42025741885339835, 0.0, 0.2999648899543599, -0.999369814006142, 0.0], [0.00116875, -0.26964946924043165, -0.42116707977652545, 0.0, 0.29983731074693615, -0.997143485915312, 0.0], [0.005269375, -0.2684212203619262, -0.42523555899021875, 0.0, 0.2992001544443019, -0.9871978234573051, 0.0], [0.0237221875, -0.2629346014764987, -0.44304888532164827, 0.0, 0.2951604328536349, -0.9438766750208819, 0.0], [0.05822820113726659, -0.2529385364078666, -0.4743008933146981, 0.0, 0.28343549714714816, -0.8687334959312882, 0.0], [0.09486312895812053, -0.24284899797364137, -0.5047797767337843, 0.0, 0.26681563664067565, -0.7963719180874408, 0.0], [0.1348155574192244, -0.23260274460872601, -0.5351450487509364, 0.0, 0.24573101611860476, -0.7248856938452279, 0.0], [0.1783834139014039, -0.22243186605239013, -0.5651641102139454, 0.0, 0.22098928544818816, -0.6543195472992819, 0.0], [0.22595737451670905, -0.21257330683932849, -0.5946046890636045, 0.0, 0.19349158928005258, -0.5844886010648452, 0.0], [0.2779683079327483, -0.203275721073722, -0.6231718236541429, 0.0, 0.1642793989041892, -0.5150965616043163, 0.0], [0.3349038359993075, -0.19478201474431195, -0.6504953727633922, 0.0, 0.134561401583609, -0.44572644063560407, 0.0], [0.39732995937357574, -0.18730379387657184, -0.6761094149088204, 0.0, 0.10575484462506479, -0.3758378830687039, 0.0], [0.46467649391397486, -0.18108253490839382, -0.699041179146797, 0.0, 0.07997128472447555, -0.30601204740727483, 0.0], [0.5372650687786282, -0.1760827399594355, -0.7186750671114087, 0.0, 0.059010516470866296, -0.23569732189253054, 0.0], [0.6152543504949153, -0.17208856358384933, -0.7342554562304142, 0.0, 0.04490433162423699, -0.16451136513301504, 0.0], [0.6990027621269839, -0.16861332580586377, -0.7449685549845644, 0.0, 0.039857224450777974, -0.0919062073447856, 0.0], [0.7896099348998366, -0.16479721293646257, -0.7498679288464932, 0.0, 0.04649459218477204, -0.01674522233049542, 0.0], [0.8910196042374512, -0.15907109751733245, -0.747431300578916, 0.0, 0.06913813394645842, 0.06437245043610536, 0.0], [0.9830266370812958, -0.1512180103845969, -0.7381910290348914, 0.0, 0.1038315910205373, 0.13633001936397643, 0.0], [1.0, -0.14938934179549984, -0.73576497729949, 0.0, 0.11172132329606298, 0.14953511690322777, 0.0]]
<end of output>
Test time =   0.01 sec
----------------------------------------------------------
Test Passed.
"BOOST_CR3BP" end time: Nov 19 16:22 EST
"BOOST_CR3BP" time elapsed: 00:00:00
----------------------------------------------------------

End testing: Nov 19 16:22 EST
